{"uid":"652cedd920f20b65","name":"user is on homepage without sigin","fullName":"src/test/resources/features/01Homepage.feature:23","historyId":"e95d6dcf081780c5b4655dbc779a5967","time":{"start":1701723452098,"stop":1701723453544,"duration":1446},"description":"  I want to use this template for my feature file","descriptionHtml":"<p>I want to use this template for my feature file</p>\n","status":"broken","statusMessage":"Element <a class=\"dropdown-item\" href=\"/graph\"> could not be scrolled into view\nBuild info: version: '4.15.0', revision: '1d14b5521b'\nSystem info: os.name: 'Windows 11', os.arch: 'amd64', os.version: '10.0', java.version: '17.0.9'\nDriver info: org.openqa.selenium.firefox.FirefoxDriver\nCommand: [788732fd-8609-490e-b99c-81c625973bf6, clickElement {id=a1abb894-c8ce-44d6-ac06-0967d2f01713}]\nCapabilities {acceptInsecureCerts: true, browserName: firefox, browserVersion: 120.0.1, moz:accessibilityChecks: false, moz:buildID: 20231129155202, moz:debuggerAddress: 127.0.0.1:32977, moz:geckodriverVersion: 0.33.0, moz:headless: false, moz:platformVersion: 10.0, moz:processID: 1684, moz:profile: C:\\Users\\azam_\\AppData\\Loca..., moz:shutdownTimeout: 60000, moz:webdriverClick: true, moz:windowless: false, pageLoadStrategy: normal, platformName: windows, proxy: Proxy(), se:cdp: ws://127.0.0.1:32977/devtoo..., se:cdpVersion: 85.0, setWindowRect: true, strictFileInteractability: false, timeouts: {implicit: 0, pageLoad: 300000, script: 30000}, unhandledPromptBehavior: dismiss and notify}\nElement: [[FirefoxDriver: firefox on windows (788732fd-8609-490e-b99c-81c625973bf6)] -> xpath: //*[@id='navbarCollapse']//a[6]]\nSession ID: 788732fd-8609-490e-b99c-81c625973bf6","statusTrace":"org.openqa.selenium.ElementNotInteractableException: Element <a class=\"dropdown-item\" href=\"/graph\"> could not be scrolled into view\nBuild info: version: '4.15.0', revision: '1d14b5521b'\nSystem info: os.name: 'Windows 11', os.arch: 'amd64', os.version: '10.0', java.version: '17.0.9'\nDriver info: org.openqa.selenium.firefox.FirefoxDriver\nCommand: [788732fd-8609-490e-b99c-81c625973bf6, clickElement {id=a1abb894-c8ce-44d6-ac06-0967d2f01713}]\nCapabilities {acceptInsecureCerts: true, browserName: firefox, browserVersion: 120.0.1, moz:accessibilityChecks: false, moz:buildID: 20231129155202, moz:debuggerAddress: 127.0.0.1:32977, moz:geckodriverVersion: 0.33.0, moz:headless: false, moz:platformVersion: 10.0, moz:processID: 1684, moz:profile: C:\\Users\\azam_\\AppData\\Loca..., moz:shutdownTimeout: 60000, moz:webdriverClick: true, moz:windowless: false, pageLoadStrategy: normal, platformName: windows, proxy: Proxy(), se:cdp: ws://127.0.0.1:32977/devtoo..., se:cdpVersion: 85.0, setWindowRect: true, strictFileInteractability: false, timeouts: {implicit: 0, pageLoad: 300000, script: 30000}, unhandledPromptBehavior: dismiss and notify}\nElement: [[FirefoxDriver: firefox on windows (788732fd-8609-490e-b99c-81c625973bf6)] -> xpath: //*[@id='navbarCollapse']//a[6]]\nSession ID: 788732fd-8609-490e-b99c-81c625973bf6\r\n\tat java.base/jdk.internal.reflect.NativeConstructorAccessorImpl.newInstance0(Native Method)\r\n\tat java.base/jdk.internal.reflect.NativeConstructorAccessorImpl.newInstance(NativeConstructorAccessorImpl.java:77)\r\n\tat java.base/jdk.internal.reflect.DelegatingConstructorAccessorImpl.newInstance(DelegatingConstructorAccessorImpl.java:45)\r\n\tat java.base/java.lang.reflect.Constructor.newInstanceWithCaller(Constructor.java:499)\r\n\tat java.base/java.lang.reflect.Constructor.newInstance(Constructor.java:480)\r\n\tat org.openqa.selenium.remote.codec.w3c.W3CHttpResponseCodec.createException(W3CHttpResponseCodec.java:200)\r\n\tat org.openqa.selenium.remote.codec.w3c.W3CHttpResponseCodec.decode(W3CHttpResponseCodec.java:133)\r\n\tat org.openqa.selenium.remote.codec.w3c.W3CHttpResponseCodec.decode(W3CHttpResponseCodec.java:52)\r\n\tat org.openqa.selenium.remote.HttpCommandExecutor.execute(HttpCommandExecutor.java:191)\r\n\tat org.openqa.selenium.remote.service.DriverCommandExecutor.invokeExecute(DriverCommandExecutor.java:200)\r\n\tat org.openqa.selenium.remote.service.DriverCommandExecutor.execute(DriverCommandExecutor.java:175)\r\n\tat org.openqa.selenium.remote.RemoteWebDriver.execute(RemoteWebDriver.java:607)\r\n\tat org.openqa.selenium.remote.RemoteWebElement.execute(RemoteWebElement.java:224)\r\n\tat org.openqa.selenium.remote.RemoteWebElement.click(RemoteWebElement.java:77)\r\n\tat pageObjects.HomePage.drop_down_click(HomePage.java:68)\r\n\tat stepDefinitions.HomePageSteps.user_clicks_on_dropdown(HomePageSteps.java:41)\r\n\tat ✽.user clicks on dropdown 'Graph'(file:///C:/mizba/BitBuddies_DsAlgo/src/test/resources/features/01Homepage.feature:14)\r\n","flaky":false,"newFailed":false,"newBroken":false,"newPassed":false,"retriesCount":0,"retriesStatusChange":false,"beforeStages":[{"name":"hooks.AppHooks.scenario(io.cucumber.java.Scenario)","time":{"start":1701723452099,"stop":1701723452099,"duration":0},"status":"passed","steps":[],"attachments":[],"parameters":[],"attachmentsCount":0,"shouldDisplayMessage":false,"stepsCount":0,"hasContent":false}],"testStage":{"description":"  I want to use this template for my feature file","status":"broken","statusMessage":"Element <a class=\"dropdown-item\" href=\"/graph\"> could not be scrolled into view\nBuild info: version: '4.15.0', revision: '1d14b5521b'\nSystem info: os.name: 'Windows 11', os.arch: 'amd64', os.version: '10.0', java.version: '17.0.9'\nDriver info: org.openqa.selenium.firefox.FirefoxDriver\nCommand: [788732fd-8609-490e-b99c-81c625973bf6, clickElement {id=a1abb894-c8ce-44d6-ac06-0967d2f01713}]\nCapabilities {acceptInsecureCerts: true, browserName: firefox, browserVersion: 120.0.1, moz:accessibilityChecks: false, moz:buildID: 20231129155202, moz:debuggerAddress: 127.0.0.1:32977, moz:geckodriverVersion: 0.33.0, moz:headless: false, moz:platformVersion: 10.0, moz:processID: 1684, moz:profile: C:\\Users\\azam_\\AppData\\Loca..., moz:shutdownTimeout: 60000, moz:webdriverClick: true, moz:windowless: false, pageLoadStrategy: normal, platformName: windows, proxy: Proxy(), se:cdp: ws://127.0.0.1:32977/devtoo..., se:cdpVersion: 85.0, setWindowRect: true, strictFileInteractability: false, timeouts: {implicit: 0, pageLoad: 300000, script: 30000}, unhandledPromptBehavior: dismiss and notify}\nElement: [[FirefoxDriver: firefox on windows (788732fd-8609-490e-b99c-81c625973bf6)] -> xpath: //*[@id='navbarCollapse']//a[6]]\nSession ID: 788732fd-8609-490e-b99c-81c625973bf6","statusTrace":"org.openqa.selenium.ElementNotInteractableException: Element <a class=\"dropdown-item\" href=\"/graph\"> could not be scrolled into view\nBuild info: version: '4.15.0', revision: '1d14b5521b'\nSystem info: os.name: 'Windows 11', os.arch: 'amd64', os.version: '10.0', java.version: '17.0.9'\nDriver info: org.openqa.selenium.firefox.FirefoxDriver\nCommand: [788732fd-8609-490e-b99c-81c625973bf6, clickElement {id=a1abb894-c8ce-44d6-ac06-0967d2f01713}]\nCapabilities {acceptInsecureCerts: true, browserName: firefox, browserVersion: 120.0.1, moz:accessibilityChecks: false, moz:buildID: 20231129155202, moz:debuggerAddress: 127.0.0.1:32977, moz:geckodriverVersion: 0.33.0, moz:headless: false, moz:platformVersion: 10.0, moz:processID: 1684, moz:profile: C:\\Users\\azam_\\AppData\\Loca..., moz:shutdownTimeout: 60000, moz:webdriverClick: true, moz:windowless: false, pageLoadStrategy: normal, platformName: windows, proxy: Proxy(), se:cdp: ws://127.0.0.1:32977/devtoo..., se:cdpVersion: 85.0, setWindowRect: true, strictFileInteractability: false, timeouts: {implicit: 0, pageLoad: 300000, script: 30000}, unhandledPromptBehavior: dismiss and notify}\nElement: [[FirefoxDriver: firefox on windows (788732fd-8609-490e-b99c-81c625973bf6)] -> xpath: //*[@id='navbarCollapse']//a[6]]\nSession ID: 788732fd-8609-490e-b99c-81c625973bf6\r\n\tat java.base/jdk.internal.reflect.NativeConstructorAccessorImpl.newInstance0(Native Method)\r\n\tat java.base/jdk.internal.reflect.NativeConstructorAccessorImpl.newInstance(NativeConstructorAccessorImpl.java:77)\r\n\tat java.base/jdk.internal.reflect.DelegatingConstructorAccessorImpl.newInstance(DelegatingConstructorAccessorImpl.java:45)\r\n\tat java.base/java.lang.reflect.Constructor.newInstanceWithCaller(Constructor.java:499)\r\n\tat java.base/java.lang.reflect.Constructor.newInstance(Constructor.java:480)\r\n\tat org.openqa.selenium.remote.codec.w3c.W3CHttpResponseCodec.createException(W3CHttpResponseCodec.java:200)\r\n\tat org.openqa.selenium.remote.codec.w3c.W3CHttpResponseCodec.decode(W3CHttpResponseCodec.java:133)\r\n\tat org.openqa.selenium.remote.codec.w3c.W3CHttpResponseCodec.decode(W3CHttpResponseCodec.java:52)\r\n\tat org.openqa.selenium.remote.HttpCommandExecutor.execute(HttpCommandExecutor.java:191)\r\n\tat org.openqa.selenium.remote.service.DriverCommandExecutor.invokeExecute(DriverCommandExecutor.java:200)\r\n\tat org.openqa.selenium.remote.service.DriverCommandExecutor.execute(DriverCommandExecutor.java:175)\r\n\tat org.openqa.selenium.remote.RemoteWebDriver.execute(RemoteWebDriver.java:607)\r\n\tat org.openqa.selenium.remote.RemoteWebElement.execute(RemoteWebElement.java:224)\r\n\tat org.openqa.selenium.remote.RemoteWebElement.click(RemoteWebElement.java:77)\r\n\tat pageObjects.HomePage.drop_down_click(HomePage.java:68)\r\n\tat stepDefinitions.HomePageSteps.user_clicks_on_dropdown(HomePageSteps.java:41)\r\n\tat ✽.user clicks on dropdown 'Graph'(file:///C:/mizba/BitBuddies_DsAlgo/src/test/resources/features/01Homepage.feature:14)\r\n","steps":[{"name":"When  user clicks on dropdown 'Graph'","time":{"start":1701723452100,"stop":1701723453531,"duration":1431},"status":"broken","statusMessage":"Element <a class=\"dropdown-item\" href=\"/graph\"> could not be scrolled into view\nBuild info: version: '4.15.0', revision: '1d14b5521b'\nSystem info: os.name: 'Windows 11', os.arch: 'amd64', os.version: '10.0', java.version: '17.0.9'\nDriver info: org.openqa.selenium.firefox.FirefoxDriver\nCommand: [788732fd-8609-490e-b99c-81c625973bf6, clickElement {id=a1abb894-c8ce-44d6-ac06-0967d2f01713}]\nCapabilities {acceptInsecureCerts: true, browserName: firefox, browserVersion: 120.0.1, moz:accessibilityChecks: false, moz:buildID: 20231129155202, moz:debuggerAddress: 127.0.0.1:32977, moz:geckodriverVersion: 0.33.0, moz:headless: false, moz:platformVersion: 10.0, moz:processID: 1684, moz:profile: C:\\Users\\azam_\\AppData\\Loca..., moz:shutdownTimeout: 60000, moz:webdriverClick: true, moz:windowless: false, pageLoadStrategy: normal, platformName: windows, proxy: Proxy(), se:cdp: ws://127.0.0.1:32977/devtoo..., se:cdpVersion: 85.0, setWindowRect: true, strictFileInteractability: false, timeouts: {implicit: 0, pageLoad: 300000, script: 30000}, unhandledPromptBehavior: dismiss and notify}\nElement: [[FirefoxDriver: firefox on windows (788732fd-8609-490e-b99c-81c625973bf6)] -> xpath: //*[@id='navbarCollapse']//a[6]]\nSession ID: 788732fd-8609-490e-b99c-81c625973bf6","statusTrace":"org.openqa.selenium.ElementNotInteractableException: Element <a class=\"dropdown-item\" href=\"/graph\"> could not be scrolled into view\nBuild info: version: '4.15.0', revision: '1d14b5521b'\nSystem info: os.name: 'Windows 11', os.arch: 'amd64', os.version: '10.0', java.version: '17.0.9'\nDriver info: org.openqa.selenium.firefox.FirefoxDriver\nCommand: [788732fd-8609-490e-b99c-81c625973bf6, clickElement {id=a1abb894-c8ce-44d6-ac06-0967d2f01713}]\nCapabilities {acceptInsecureCerts: true, browserName: firefox, browserVersion: 120.0.1, moz:accessibilityChecks: false, moz:buildID: 20231129155202, moz:debuggerAddress: 127.0.0.1:32977, moz:geckodriverVersion: 0.33.0, moz:headless: false, moz:platformVersion: 10.0, moz:processID: 1684, moz:profile: C:\\Users\\azam_\\AppData\\Loca..., moz:shutdownTimeout: 60000, moz:webdriverClick: true, moz:windowless: false, pageLoadStrategy: normal, platformName: windows, proxy: Proxy(), se:cdp: ws://127.0.0.1:32977/devtoo..., se:cdpVersion: 85.0, setWindowRect: true, strictFileInteractability: false, timeouts: {implicit: 0, pageLoad: 300000, script: 30000}, unhandledPromptBehavior: dismiss and notify}\nElement: [[FirefoxDriver: firefox on windows (788732fd-8609-490e-b99c-81c625973bf6)] -> xpath: //*[@id='navbarCollapse']//a[6]]\nSession ID: 788732fd-8609-490e-b99c-81c625973bf6\r\n\tat java.base/jdk.internal.reflect.NativeConstructorAccessorImpl.newInstance0(Native Method)\r\n\tat java.base/jdk.internal.reflect.NativeConstructorAccessorImpl.newInstance(NativeConstructorAccessorImpl.java:77)\r\n\tat java.base/jdk.internal.reflect.DelegatingConstructorAccessorImpl.newInstance(DelegatingConstructorAccessorImpl.java:45)\r\n\tat java.base/java.lang.reflect.Constructor.newInstanceWithCaller(Constructor.java:499)\r\n\tat java.base/java.lang.reflect.Constructor.newInstance(Constructor.java:480)\r\n\tat org.openqa.selenium.remote.codec.w3c.W3CHttpResponseCodec.createException(W3CHttpResponseCodec.java:200)\r\n\tat org.openqa.selenium.remote.codec.w3c.W3CHttpResponseCodec.decode(W3CHttpResponseCodec.java:133)\r\n\tat org.openqa.selenium.remote.codec.w3c.W3CHttpResponseCodec.decode(W3CHttpResponseCodec.java:52)\r\n\tat org.openqa.selenium.remote.HttpCommandExecutor.execute(HttpCommandExecutor.java:191)\r\n\tat org.openqa.selenium.remote.service.DriverCommandExecutor.invokeExecute(DriverCommandExecutor.java:200)\r\n\tat org.openqa.selenium.remote.service.DriverCommandExecutor.execute(DriverCommandExecutor.java:175)\r\n\tat org.openqa.selenium.remote.RemoteWebDriver.execute(RemoteWebDriver.java:607)\r\n\tat org.openqa.selenium.remote.RemoteWebElement.execute(RemoteWebElement.java:224)\r\n\tat org.openqa.selenium.remote.RemoteWebElement.click(RemoteWebElement.java:77)\r\n\tat pageObjects.HomePage.drop_down_click(HomePage.java:68)\r\n\tat stepDefinitions.HomePageSteps.user_clicks_on_dropdown(HomePageSteps.java:41)\r\n\tat ✽.user clicks on dropdown 'Graph'(file:///C:/mizba/BitBuddies_DsAlgo/src/test/resources/features/01Homepage.feature:14)\r\n","steps":[],"attachments":[],"parameters":[],"attachmentsCount":0,"shouldDisplayMessage":true,"stepsCount":0,"hasContent":true},{"name":"Then  alert the user with a message You are not logged in","time":{"start":1701723453541,"stop":1701723453542,"duration":1},"status":"skipped","steps":[],"attachments":[],"parameters":[],"attachmentsCount":0,"shouldDisplayMessage":false,"stepsCount":0,"hasContent":false}],"attachments":[],"parameters":[],"attachmentsCount":0,"shouldDisplayMessage":false,"stepsCount":2,"hasContent":true},"afterStages":[{"name":"hooks.AppHooks.afterstep(io.cucumber.java.Scenario)","time":{"start":1701723453535,"stop":1701723453539,"duration":4},"status":"broken","statusMessage":"AFTER_STEP is failed: Cannot invoke \"org.openqa.selenium.TakesScreenshot.getScreenshotAs(org.openqa.selenium.OutputType)\" because \"hooks.AppHooks.driver\" is null","statusTrace":"java.lang.NullPointerException: Cannot invoke \"org.openqa.selenium.TakesScreenshot.getScreenshotAs(org.openqa.selenium.OutputType)\" because \"hooks.AppHooks.driver\" is null\r\n\tat hooks.AppHooks.afterstep(AppHooks.java:60)\r\n","steps":[],"attachments":[],"parameters":[],"attachmentsCount":0,"shouldDisplayMessage":true,"stepsCount":0,"hasContent":true},{"name":"hooks.AppHooks.afterstep(io.cucumber.java.Scenario)","time":{"start":1701723453542,"stop":1701723453543,"duration":1},"status":"skipped","statusMessage":"AFTER_STEP is failed.","steps":[],"attachments":[],"parameters":[],"attachmentsCount":0,"shouldDisplayMessage":true,"stepsCount":0,"hasContent":true}],"labels":[{"name":"host","value":"WINDOWS-Q3AF2KO"},{"name":"thread","value":"17820@WINDOWS-Q3AF2KO.TestNG-tests-2(17)"},{"name":"feature","value":"HerokuApp Testcases"},{"name":"story","value":"user is on homepage without sigin"},{"name":"suite","value":"HerokuApp Testcases"},{"name":"testClass","value":"user is on homepage without sigin"},{"name":"framework","value":"cucumber4jvm"},{"name":"language","value":"java"},{"name":"gherkin_uri","value":"file:///C:/mizba/BitBuddies_DsAlgo/src/test/resources/features/01Homepage.feature"},{"name":"package","value":"src.test.resources.features.01Homepage_feature.HerokuApp Testcases"},{"name":"resultFormat","value":"allure2"}],"parameters":[{"name":"menu","value":"'Graph'"}],"links":[],"hidden":true,"retry":true,"extra":{"categories":[],"tags":[]},"source":"652cedd920f20b65.json","parameterValues":["'Graph'"]}