{"uid":"67b18addc5f890d6","name":"defineBrowser","fullName":"runner.TestRunner.defineBrowser","historyId":"773e745441893a135f1a6fdb342de807","time":{"start":1701673569634,"stop":1701673569637,"duration":3},"status":"broken","statusMessage":"\nParameter 'browser' is required by BeforeTest on method defineBrowser but has not been marked @Optional or defined\nin C:\\Users\\azam_\\AppData\\Local\\Temp\\testng-eclipse--1202511583\\testng-customsuite.xml","statusTrace":"org.testng.TestNGException: \nParameter 'browser' is required by BeforeTest on method defineBrowser but has not been marked @Optional or defined\nin C:\\Users\\azam_\\AppData\\Local\\Temp\\testng-eclipse--1202511583\\testng-customsuite.xml\r\n\tat org.testng.internal.Parameters.createParams(Parameters.java:267)\r\n\tat org.testng.internal.Parameters.createParametersForMethod(Parameters.java:355)\r\n\tat org.testng.internal.Parameters.createParameters(Parameters.java:684)\r\n\tat org.testng.internal.Parameters.createConfigurationParameters(Parameters.java:166)\r\n\tat org.testng.internal.invokers.ConfigInvoker.invokeConfigurations(ConfigInvoker.java:306)\r\n\tat org.testng.TestRunner.invokeTestConfigurations(TestRunner.java:663)\r\n\tat org.testng.TestRunner.beforeRun(TestRunner.java:652)\r\n\tat org.testng.TestRunner.run(TestRunner.java:614)\r\n\tat org.testng.SuiteRunner.runTest(SuiteRunner.java:443)\r\n\tat org.testng.SuiteRunner.runSequentially(SuiteRunner.java:437)\r\n\tat org.testng.SuiteRunner.privateRun(SuiteRunner.java:397)\r\n\tat org.testng.SuiteRunner.run(SuiteRunner.java:336)\r\n\tat org.testng.SuiteRunnerWorker.runSuite(SuiteRunnerWorker.java:52)\r\n\tat org.testng.SuiteRunnerWorker.run(SuiteRunnerWorker.java:95)\r\n\tat org.testng.TestNG.runSuitesSequentially(TestNG.java:1280)\r\n\tat org.testng.TestNG.runSuitesLocally(TestNG.java:1200)\r\n\tat org.testng.TestNG.runSuites(TestNG.java:1114)\r\n\tat org.testng.TestNG.run(TestNG.java:1082)\r\n\tat org.testng.remote.AbstractRemoteTestNG.run(AbstractRemoteTestNG.java:115)\r\n\tat org.testng.remote.RemoteTestNG.initAndRun(RemoteTestNG.java:251)\r\n\tat org.testng.remote.RemoteTestNG.main(RemoteTestNG.java:77)\r\n","flaky":false,"newFailed":false,"newBroken":false,"newPassed":false,"retriesCount":0,"retriesStatusChange":false,"beforeStages":[{"name":"setUpClass","time":{"start":1701673569753,"stop":1701673570375,"duration":622},"description":"","status":"passed","steps":[],"attachments":[],"parameters":[],"attachmentsCount":0,"shouldDisplayMessage":false,"stepsCount":0,"hasContent":false}],"afterStages":[{"name":"tearDownClass","time":{"start":1701673570420,"stop":1701673570841,"duration":421},"description":"","status":"broken","statusMessage":"Cannot invoke \"org.openqa.selenium.WebDriver.quit()\" because \"driverFactory.DriverFactory.driver\" is null","statusTrace":"java.lang.NullPointerException: Cannot invoke \"org.openqa.selenium.WebDriver.quit()\" because \"driverFactory.DriverFactory.driver\" is null\r\n\tat driverFactory.DriverFactory.closeallDriver(DriverFactory.java:61)\r\n\tat hooks.AppHooks.after(AppHooks.java:55)\r\n","steps":[],"attachments":[],"parameters":[],"attachmentsCount":0,"shouldDisplayMessage":true,"stepsCount":0,"hasContent":true}],"labels":[{"name":"package","value":"runner.TestRunner"},{"name":"testClass","value":"runner.TestRunner"},{"name":"testMethod","value":"defineBrowser"},{"name":"parentSuite","value":"Default suite"},{"name":"suite","value":"Default test"},{"name":"subSuite","value":"runner.TestRunner"},{"name":"host","value":"WINDOWS-Q3AF2KO"},{"name":"thread","value":"18012@WINDOWS-Q3AF2KO.main(1)"},{"name":"framework","value":"testng"},{"name":"language","value":"java"},{"name":"AS_ID","value":"-1"},{"name":"resultFormat","value":"allure2"}],"parameters":[],"links":[],"hidden":true,"retry":true,"extra":{"categories":[],"tags":[]},"source":"67b18addc5f890d6.json","parameterValues":[]}