{"uid":"8437a076fb1d04c9","name":"defineBrowser","fullName":"runner.TestRunner.defineBrowser","historyId":"773e745441893a135f1a6fdb342de807","time":{"start":1701709913470,"stop":1701709913474,"duration":4},"status":"broken","statusMessage":"\nParameter 'browser' is required by BeforeTest on method defineBrowser but has not been marked @Optional or defined\nin C:\\Users\\azam_\\AppData\\Local\\Temp\\testng-eclipse-308055512\\testng-customsuite.xml","statusTrace":"org.testng.TestNGException: \nParameter 'browser' is required by BeforeTest on method defineBrowser but has not been marked @Optional or defined\nin C:\\Users\\azam_\\AppData\\Local\\Temp\\testng-eclipse-308055512\\testng-customsuite.xml\r\n\tat org.testng.internal.Parameters.createParams(Parameters.java:267)\r\n\tat org.testng.internal.Parameters.createParametersForMethod(Parameters.java:355)\r\n\tat org.testng.internal.Parameters.createParameters(Parameters.java:684)\r\n\tat org.testng.internal.Parameters.createConfigurationParameters(Parameters.java:166)\r\n\tat org.testng.internal.invokers.ConfigInvoker.invokeConfigurations(ConfigInvoker.java:306)\r\n\tat org.testng.TestRunner.invokeTestConfigurations(TestRunner.java:663)\r\n\tat org.testng.TestRunner.beforeRun(TestRunner.java:652)\r\n\tat org.testng.TestRunner.run(TestRunner.java:614)\r\n\tat org.testng.SuiteRunner.runTest(SuiteRunner.java:443)\r\n\tat org.testng.SuiteRunner.runSequentially(SuiteRunner.java:437)\r\n\tat org.testng.SuiteRunner.privateRun(SuiteRunner.java:397)\r\n\tat org.testng.SuiteRunner.run(SuiteRunner.java:336)\r\n\tat org.testng.SuiteRunnerWorker.runSuite(SuiteRunnerWorker.java:52)\r\n\tat org.testng.SuiteRunnerWorker.run(SuiteRunnerWorker.java:95)\r\n\tat org.testng.TestNG.runSuitesSequentially(TestNG.java:1280)\r\n\tat org.testng.TestNG.runSuitesLocally(TestNG.java:1200)\r\n\tat org.testng.TestNG.runSuites(TestNG.java:1114)\r\n\tat org.testng.TestNG.run(TestNG.java:1082)\r\n\tat org.testng.remote.AbstractRemoteTestNG.run(AbstractRemoteTestNG.java:115)\r\n\tat org.testng.remote.RemoteTestNG.initAndRun(RemoteTestNG.java:251)\r\n\tat org.testng.remote.RemoteTestNG.main(RemoteTestNG.java:77)\r\n","flaky":false,"newFailed":false,"newBroken":false,"newPassed":false,"retriesCount":0,"retriesStatusChange":false,"beforeStages":[{"name":"setUpClass","time":{"start":1701709913598,"stop":1701709914571,"duration":973},"description":"","status":"broken","statusMessage":"browser not specified in the testng.xml","statusTrace":"java.lang.RuntimeException: browser not specified in the testng.xml\r\n\tat utilities.ConfigReader.getBrowserType(ConfigReader.java:35)\r\n\tat hooks.AppHooks.before(AppHooks.java:40)\r\n","steps":[],"attachments":[],"parameters":[],"attachmentsCount":0,"shouldDisplayMessage":true,"stepsCount":0,"hasContent":true}],"afterStages":[{"name":"tearDownClass","time":{"start":1701709914589,"stop":1701709914589,"duration":0},"description":"","status":"passed","steps":[],"attachments":[],"parameters":[],"attachmentsCount":0,"shouldDisplayMessage":false,"stepsCount":0,"hasContent":false}],"labels":[{"name":"package","value":"runner.TestRunner"},{"name":"testClass","value":"runner.TestRunner"},{"name":"testMethod","value":"defineBrowser"},{"name":"parentSuite","value":"Default suite"},{"name":"suite","value":"Default test"},{"name":"subSuite","value":"runner.TestRunner"},{"name":"host","value":"WINDOWS-Q3AF2KO"},{"name":"thread","value":"7276@WINDOWS-Q3AF2KO.main(1)"},{"name":"framework","value":"testng"},{"name":"language","value":"java"},{"name":"AS_ID","value":"-1"},{"name":"resultFormat","value":"allure2"}],"parameters":[],"links":[],"hidden":true,"retry":true,"extra":{"categories":[],"tags":[]},"source":"8437a076fb1d04c9.json","parameterValues":[]}