{"uid":"cbedd94cd89ffaff","name":"User is on Home page and click on Register","fullName":"src/test/resources/features/01Homepage.feature:48","historyId":"8a3c91b6fdc6ded36228ce3b8cb26935","time":{"start":1701740242745,"stop":1701740243464,"duration":719},"status":"failed","statusMessage":"Title do not match expected [Registration] but found [NumpyNinja]","statusTrace":"java.lang.AssertionError: Title do not match expected [Registration] but found [NumpyNinja]\r\n\tat org.testng.Assert.fail(Assert.java:111)\r\n\tat org.testng.Assert.failNotEquals(Assert.java:1578)\r\n\tat org.testng.Assert.assertEqualsImpl(Assert.java:150)\r\n\tat org.testng.Assert.assertEquals(Assert.java:132)\r\n\tat org.testng.Assert.assertEquals(Assert.java:656)\r\n\tat stepDefinitions.HomePageSteps.the_user_redirected_to_registration_page(HomePageSteps.java:101)\r\n\tat ✽.The user redirected to Registration page(file:///C:/mizba/BitBuddies_DsAlgo/src/test/resources/features/01Homepage.feature:51)\r\n","flaky":false,"newFailed":false,"newBroken":false,"newPassed":false,"retriesCount":0,"retriesStatusChange":false,"beforeStages":[{"name":"hooks.AppHooks.scenario(io.cucumber.java.Scenario)","time":{"start":1701740242746,"stop":1701740242746,"duration":0},"status":"passed","steps":[],"attachments":[],"parameters":[],"attachmentsCount":0,"shouldDisplayMessage":false,"stepsCount":0,"hasContent":false}],"testStage":{"status":"failed","statusMessage":"Title do not match expected [Registration] but found [NumpyNinja]","statusTrace":"java.lang.AssertionError: Title do not match expected [Registration] but found [NumpyNinja]\r\n\tat org.testng.Assert.fail(Assert.java:111)\r\n\tat org.testng.Assert.failNotEquals(Assert.java:1578)\r\n\tat org.testng.Assert.assertEqualsImpl(Assert.java:150)\r\n\tat org.testng.Assert.assertEquals(Assert.java:132)\r\n\tat org.testng.Assert.assertEquals(Assert.java:656)\r\n\tat stepDefinitions.HomePageSteps.the_user_redirected_to_registration_page(HomePageSteps.java:101)\r\n\tat ✽.The user redirected to Registration page(file:///C:/mizba/BitBuddies_DsAlgo/src/test/resources/features/01Homepage.feature:51)\r\n","steps":[{"name":"Given  The user is on Home page","time":{"start":1701740242746,"stop":1701740243080,"duration":334},"status":"passed","steps":[],"attachments":[],"parameters":[],"attachmentsCount":0,"shouldDisplayMessage":false,"stepsCount":0,"hasContent":false},{"name":"When  The user clicks on register link","time":{"start":1701740243081,"stop":1701740243347,"duration":266},"status":"passed","steps":[],"attachments":[],"parameters":[],"attachmentsCount":0,"shouldDisplayMessage":false,"stepsCount":0,"hasContent":false},{"name":"Then  The user redirected to Registration page","time":{"start":1701740243348,"stop":1701740243462,"duration":114},"status":"failed","statusMessage":"Title do not match expected [Registration] but found [NumpyNinja]","statusTrace":"java.lang.AssertionError: Title do not match expected [Registration] but found [NumpyNinja]\r\n\tat org.testng.Assert.fail(Assert.java:111)\r\n\tat org.testng.Assert.failNotEquals(Assert.java:1578)\r\n\tat org.testng.Assert.assertEqualsImpl(Assert.java:150)\r\n\tat org.testng.Assert.assertEquals(Assert.java:132)\r\n\tat org.testng.Assert.assertEquals(Assert.java:656)\r\n\tat stepDefinitions.HomePageSteps.the_user_redirected_to_registration_page(HomePageSteps.java:101)\r\n\tat ✽.The user redirected to Registration page(file:///C:/mizba/BitBuddies_DsAlgo/src/test/resources/features/01Homepage.feature:51)\r\n","steps":[],"attachments":[],"parameters":[],"attachmentsCount":0,"shouldDisplayMessage":true,"stepsCount":0,"hasContent":true}],"attachments":[],"parameters":[],"attachmentsCount":0,"shouldDisplayMessage":false,"stepsCount":3,"hasContent":true},"afterStages":[{"name":"hooks.AppHooks.afterstep(io.cucumber.java.Scenario)","time":{"start":1701740243080,"stop":1701740243080,"duration":0},"status":"passed","steps":[],"attachments":[],"parameters":[],"attachmentsCount":0,"shouldDisplayMessage":false,"stepsCount":0,"hasContent":false},{"name":"hooks.AppHooks.afterstep(io.cucumber.java.Scenario)","time":{"start":1701740243347,"stop":1701740243348,"duration":1},"status":"passed","steps":[],"attachments":[],"parameters":[],"attachmentsCount":0,"shouldDisplayMessage":false,"stepsCount":0,"hasContent":false},{"name":"hooks.AppHooks.afterstep(io.cucumber.java.Scenario)","time":{"start":1701740243462,"stop":1701740243464,"duration":2},"status":"broken","statusMessage":"AFTER_STEP is failed: Cannot invoke \"org.openqa.selenium.TakesScreenshot.getScreenshotAs(org.openqa.selenium.OutputType)\" because \"hooks.AppHooks.driver\" is null","statusTrace":"java.lang.NullPointerException: Cannot invoke \"org.openqa.selenium.TakesScreenshot.getScreenshotAs(org.openqa.selenium.OutputType)\" because \"hooks.AppHooks.driver\" is null\r\n\tat hooks.AppHooks.afterstep(AppHooks.java:60)\r\n","steps":[],"attachments":[],"parameters":[],"attachmentsCount":0,"shouldDisplayMessage":true,"stepsCount":0,"hasContent":true}],"labels":[{"name":"tag","value":"home"},{"name":"tag","value":"TS_home_05"},{"name":"host","value":"WINDOWS-Q3AF2KO"},{"name":"thread","value":"756@WINDOWS-Q3AF2KO.TestNG-tests-2(17)"},{"name":"feature","value":"User launch dsalgo application and test Home page"},{"name":"story","value":"User is on Home page and click on Register"},{"name":"suite","value":"User launch dsalgo application and test Home page"},{"name":"testClass","value":"User is on Home page and click on Register"},{"name":"framework","value":"cucumber4jvm"},{"name":"language","value":"java"},{"name":"gherkin_uri","value":"file:///C:/mizba/BitBuddies_DsAlgo/src/test/resources/features/01Homepage.feature"},{"name":"package","value":"src.test.resources.features.01Homepage_feature.User launch dsalgo application and test Home page"},{"name":"resultFormat","value":"allure2"}],"parameters":[],"links":[],"hidden":true,"retry":true,"extra":{"categories":[],"tags":["home","TS_home_05"]},"source":"cbedd94cd89ffaff.json","parameterValues":[]}