{"uid":"d5b91b2acd6a2c4a","name":"User is on Home page and click on sign in","fullName":"src/test/resources/features/01Homepage.feature:42","historyId":"c12ded82ffbd9a66458a13dd6a9f35d5","time":{"start":1701740241997,"stop":1701740242733,"duration":736},"status":"failed","statusMessage":"Title do not match expected [Login] but found [NumpyNinja]","statusTrace":"java.lang.AssertionError: Title do not match expected [Login] but found [NumpyNinja]\r\n\tat org.testng.Assert.fail(Assert.java:111)\r\n\tat org.testng.Assert.failNotEquals(Assert.java:1578)\r\n\tat org.testng.Assert.assertEqualsImpl(Assert.java:150)\r\n\tat org.testng.Assert.assertEquals(Assert.java:132)\r\n\tat org.testng.Assert.assertEquals(Assert.java:656)\r\n\tat stepDefinitions.HomePageSteps.the_user_redirected_to_login_page(HomePageSteps.java:86)\r\n\tat ✽.The user redirected to login page(file:///C:/mizba/BitBuddies_DsAlgo/src/test/resources/features/01Homepage.feature:45)\r\n","flaky":false,"newFailed":false,"newBroken":false,"newPassed":false,"retriesCount":0,"retriesStatusChange":false,"beforeStages":[{"name":"hooks.AppHooks.scenario(io.cucumber.java.Scenario)","time":{"start":1701740241998,"stop":1701740241998,"duration":0},"status":"passed","steps":[],"attachments":[],"parameters":[],"attachmentsCount":0,"shouldDisplayMessage":false,"stepsCount":0,"hasContent":false}],"testStage":{"status":"failed","statusMessage":"Title do not match expected [Login] but found [NumpyNinja]","statusTrace":"java.lang.AssertionError: Title do not match expected [Login] but found [NumpyNinja]\r\n\tat org.testng.Assert.fail(Assert.java:111)\r\n\tat org.testng.Assert.failNotEquals(Assert.java:1578)\r\n\tat org.testng.Assert.assertEqualsImpl(Assert.java:150)\r\n\tat org.testng.Assert.assertEquals(Assert.java:132)\r\n\tat org.testng.Assert.assertEquals(Assert.java:656)\r\n\tat stepDefinitions.HomePageSteps.the_user_redirected_to_login_page(HomePageSteps.java:86)\r\n\tat ✽.The user redirected to login page(file:///C:/mizba/BitBuddies_DsAlgo/src/test/resources/features/01Homepage.feature:45)\r\n","steps":[{"name":"Given  The user is on Home page","time":{"start":1701740241998,"stop":1701740242349,"duration":351},"status":"passed","steps":[],"attachments":[],"parameters":[],"attachmentsCount":0,"shouldDisplayMessage":false,"stepsCount":0,"hasContent":false},{"name":"When  The user clicks on signin link","time":{"start":1701740242349,"stop":1701740242621,"duration":272},"status":"passed","steps":[],"attachments":[],"parameters":[],"attachmentsCount":0,"shouldDisplayMessage":false,"stepsCount":0,"hasContent":false},{"name":"Then  The user redirected to login page","time":{"start":1701740242623,"stop":1701740242731,"duration":108},"status":"failed","statusMessage":"Title do not match expected [Login] but found [NumpyNinja]","statusTrace":"java.lang.AssertionError: Title do not match expected [Login] but found [NumpyNinja]\r\n\tat org.testng.Assert.fail(Assert.java:111)\r\n\tat org.testng.Assert.failNotEquals(Assert.java:1578)\r\n\tat org.testng.Assert.assertEqualsImpl(Assert.java:150)\r\n\tat org.testng.Assert.assertEquals(Assert.java:132)\r\n\tat org.testng.Assert.assertEquals(Assert.java:656)\r\n\tat stepDefinitions.HomePageSteps.the_user_redirected_to_login_page(HomePageSteps.java:86)\r\n\tat ✽.The user redirected to login page(file:///C:/mizba/BitBuddies_DsAlgo/src/test/resources/features/01Homepage.feature:45)\r\n","steps":[],"attachments":[],"parameters":[],"attachmentsCount":0,"shouldDisplayMessage":true,"stepsCount":0,"hasContent":true}],"attachments":[],"parameters":[],"attachmentsCount":0,"shouldDisplayMessage":false,"stepsCount":3,"hasContent":true},"afterStages":[{"name":"hooks.AppHooks.afterstep(io.cucumber.java.Scenario)","time":{"start":1701740242349,"stop":1701740242349,"duration":0},"status":"passed","steps":[],"attachments":[],"parameters":[],"attachmentsCount":0,"shouldDisplayMessage":false,"stepsCount":0,"hasContent":false},{"name":"hooks.AppHooks.afterstep(io.cucumber.java.Scenario)","time":{"start":1701740242621,"stop":1701740242622,"duration":1},"status":"passed","steps":[],"attachments":[],"parameters":[],"attachmentsCount":0,"shouldDisplayMessage":false,"stepsCount":0,"hasContent":false},{"name":"hooks.AppHooks.afterstep(io.cucumber.java.Scenario)","time":{"start":1701740242731,"stop":1701740242732,"duration":1},"status":"broken","statusMessage":"AFTER_STEP is failed: Cannot invoke \"org.openqa.selenium.TakesScreenshot.getScreenshotAs(org.openqa.selenium.OutputType)\" because \"hooks.AppHooks.driver\" is null","statusTrace":"java.lang.NullPointerException: Cannot invoke \"org.openqa.selenium.TakesScreenshot.getScreenshotAs(org.openqa.selenium.OutputType)\" because \"hooks.AppHooks.driver\" is null\r\n\tat hooks.AppHooks.afterstep(AppHooks.java:60)\r\n","steps":[],"attachments":[],"parameters":[],"attachmentsCount":0,"shouldDisplayMessage":true,"stepsCount":0,"hasContent":true}],"labels":[{"name":"tag","value":"home"},{"name":"tag","value":"TS_home_04"},{"name":"host","value":"WINDOWS-Q3AF2KO"},{"name":"thread","value":"756@WINDOWS-Q3AF2KO.TestNG-tests-2(17)"},{"name":"feature","value":"User launch dsalgo application and test Home page"},{"name":"story","value":"User is on Home page and click on sign in"},{"name":"suite","value":"User launch dsalgo application and test Home page"},{"name":"testClass","value":"User is on Home page and click on sign in"},{"name":"framework","value":"cucumber4jvm"},{"name":"language","value":"java"},{"name":"gherkin_uri","value":"file:///C:/mizba/BitBuddies_DsAlgo/src/test/resources/features/01Homepage.feature"},{"name":"package","value":"src.test.resources.features.01Homepage_feature.User launch dsalgo application and test Home page"},{"name":"resultFormat","value":"allure2"}],"parameters":[],"links":[],"hidden":true,"retry":true,"extra":{"categories":[],"tags":["TS_home_04","home"]},"source":"d5b91b2acd6a2c4a.json","parameterValues":[]}